[2025-12-18T16:16:02.698+0000] {local_task_job_runner.py:120} INFO - ::group::Pre task execution logs
[2025-12-18T16:16:02.723+0000] {taskinstance.py:2073} INFO - Dependencies all met for dep_context=non-requeueable deps ti=<TaskInstance: aerostream_streaming_pipeline.fetch_tweets scheduled__2025-12-18T16:14:00+00:00 [queued]>
[2025-12-18T16:16:02.729+0000] {taskinstance.py:2073} INFO - Dependencies all met for dep_context=requeueable deps ti=<TaskInstance: aerostream_streaming_pipeline.fetch_tweets scheduled__2025-12-18T16:14:00+00:00 [queued]>
[2025-12-18T16:16:02.730+0000] {taskinstance.py:2303} INFO - Starting attempt 3 of 5
[2025-12-18T16:16:02.741+0000] {taskinstance.py:2327} INFO - Executing <Task(PythonOperator): fetch_tweets> on 2025-12-18 16:14:00+00:00
[2025-12-18T16:16:02.748+0000] {standard_task_runner.py:63} INFO - Started process 306 to run task
[2025-12-18T16:16:02.750+0000] {standard_task_runner.py:90} INFO - Running: ['***', 'tasks', 'run', 'aerostream_streaming_pipeline', 'fetch_tweets', 'scheduled__2025-12-18T16:14:00+00:00', '--job-id', '20', '--raw', '--subdir', 'DAGS_FOLDER/streaming_tweets_dag.py', '--cfg-path', '/tmp/tmpi5mp3rxw']
[2025-12-18T16:16:02.752+0000] {standard_task_runner.py:91} INFO - Job 20: Subtask fetch_tweets
[2025-12-18T16:16:02.796+0000] {task_command.py:426} INFO - Running <TaskInstance: aerostream_streaming_pipeline.fetch_tweets scheduled__2025-12-18T16:14:00+00:00 [running]> on host f7ba636cca7b
[2025-12-18T16:16:02.899+0000] {taskinstance.py:2644} INFO - Exporting env vars: AIRFLOW_CTX_DAG_OWNER='aerostream' AIRFLOW_CTX_DAG_ID='aerostream_streaming_pipeline' AIRFLOW_CTX_TASK_ID='fetch_tweets' AIRFLOW_CTX_EXECUTION_DATE='2025-12-18T16:14:00+00:00' AIRFLOW_CTX_TRY_NUMBER='3' AIRFLOW_CTX_DAG_RUN_ID='scheduled__2025-12-18T16:14:00+00:00'
[2025-12-18T16:16:02.900+0000] {taskinstance.py:430} INFO - ::endgroup::
[2025-12-18T16:16:02.915+0000] {taskinstance.py:441} INFO - ::group::Post task execution logs
[2025-12-18T16:16:02.916+0000] {taskinstance.py:2890} ERROR - Task failed with exception
Traceback (most recent call last):
  File "/home/airflow/.local/lib/python3.10/site-packages/urllib3/connection.py", line 174, in _new_conn
    conn = connection.create_connection(
  File "/home/airflow/.local/lib/python3.10/site-packages/urllib3/util/connection.py", line 95, in create_connection
    raise err
  File "/home/airflow/.local/lib/python3.10/site-packages/urllib3/util/connection.py", line 85, in create_connection
    sock.connect(sa)
ConnectionRefusedError: [Errno 111] Connection refused

During handling of the above exception, another exception occurred:

Traceback (most recent call last):
  File "/home/airflow/.local/lib/python3.10/site-packages/urllib3/connectionpool.py", line 715, in urlopen
    httplib_response = self._make_request(
  File "/home/airflow/.local/lib/python3.10/site-packages/urllib3/connectionpool.py", line 416, in _make_request
    conn.request(method, url, **httplib_request_kw)
  File "/home/airflow/.local/lib/python3.10/site-packages/urllib3/connection.py", line 244, in request
    super(HTTPConnection, self).request(method, url, body=body, headers=headers)
  File "/usr/local/lib/python3.10/http/client.py", line 1283, in request
    self._send_request(method, url, body, headers, encode_chunked)
  File "/usr/local/lib/python3.10/http/client.py", line 1329, in _send_request
    self.endheaders(body, encode_chunked=encode_chunked)
  File "/usr/local/lib/python3.10/http/client.py", line 1278, in endheaders
    self._send_output(message_body, encode_chunked=encode_chunked)
  File "/usr/local/lib/python3.10/http/client.py", line 1038, in _send_output
    self.send(msg)
  File "/usr/local/lib/python3.10/http/client.py", line 976, in send
    self.connect()
  File "/home/airflow/.local/lib/python3.10/site-packages/urllib3/connection.py", line 205, in connect
    conn = self._new_conn()
  File "/home/airflow/.local/lib/python3.10/site-packages/urllib3/connection.py", line 186, in _new_conn
    raise NewConnectionError(
urllib3.exceptions.NewConnectionError: <urllib3.connection.HTTPConnection object at 0x7f5109123820>: Failed to establish a new connection: [Errno 111] Connection refused

During handling of the above exception, another exception occurred:

Traceback (most recent call last):
  File "/home/airflow/.local/lib/python3.10/site-packages/requests/adapters.py", line 644, in send
    resp = conn.urlopen(
  File "/home/airflow/.local/lib/python3.10/site-packages/urllib3/connectionpool.py", line 799, in urlopen
    retries = retries.increment(
  File "/home/airflow/.local/lib/python3.10/site-packages/urllib3/util/retry.py", line 592, in increment
    raise MaxRetryError(_pool, url, error or ResponseError(cause))
urllib3.exceptions.MaxRetryError: HTTPConnectionPool(host='localhost', port=8001): Max retries exceeded with url: /batch?batch_size=20 (Caused by NewConnectionError('<urllib3.connection.HTTPConnection object at 0x7f5109123820>: Failed to establish a new connection: [Errno 111] Connection refused'))

During handling of the above exception, another exception occurred:

Traceback (most recent call last):
  File "/home/airflow/.local/lib/python3.10/site-packages/airflow/models/taskinstance.py", line 465, in _execute_task
    result = _execute_callable(context=context, **execute_callable_kwargs)
  File "/home/airflow/.local/lib/python3.10/site-packages/airflow/models/taskinstance.py", line 432, in _execute_callable
    return execute_callable(context=context, **execute_callable_kwargs)
  File "/home/airflow/.local/lib/python3.10/site-packages/airflow/models/baseoperator.py", line 400, in wrapper
    return func(self, *args, **kwargs)
  File "/home/airflow/.local/lib/python3.10/site-packages/airflow/operators/python.py", line 235, in execute
    return_value = self.execute_callable()
  File "/home/airflow/.local/lib/python3.10/site-packages/airflow/operators/python.py", line 252, in execute_callable
    return self.python_callable(*self.op_args, **self.op_kwargs)
  File "/opt/airflow/dags/streaming_tweets_dag.py", line 26, in fetch_tweets
    response = requests.get(
  File "/home/airflow/.local/lib/python3.10/site-packages/requests/api.py", line 73, in get
    return request("get", url, params=params, **kwargs)
  File "/home/airflow/.local/lib/python3.10/site-packages/requests/api.py", line 59, in request
    return session.request(method=method, url=url, **kwargs)
  File "/home/airflow/.local/lib/python3.10/site-packages/requests/sessions.py", line 589, in request
    resp = self.send(prep, **send_kwargs)
  File "/home/airflow/.local/lib/python3.10/site-packages/requests/sessions.py", line 703, in send
    r = adapter.send(request, **kwargs)
  File "/home/airflow/.local/lib/python3.10/site-packages/requests/adapters.py", line 677, in send
    raise ConnectionError(e, request=request)
requests.exceptions.ConnectionError: HTTPConnectionPool(host='localhost', port=8001): Max retries exceeded with url: /batch?batch_size=20 (Caused by NewConnectionError('<urllib3.connection.HTTPConnection object at 0x7f5109123820>: Failed to establish a new connection: [Errno 111] Connection refused'))
[2025-12-18T16:16:02.927+0000] {taskinstance.py:1205} INFO - Marking task as UP_FOR_RETRY. dag_id=aerostream_streaming_pipeline, task_id=fetch_tweets, execution_date=20251218T161400, start_date=20251218T161602, end_date=20251218T161602
[2025-12-18T16:16:02.939+0000] {standard_task_runner.py:110} ERROR - Failed to execute job 20 for task fetch_tweets (HTTPConnectionPool(host='localhost', port=8001): Max retries exceeded with url: /batch?batch_size=20 (Caused by NewConnectionError('<urllib3.connection.HTTPConnection object at 0x7f5109123820>: Failed to establish a new connection: [Errno 111] Connection refused')); 306)
[2025-12-18T16:16:02.963+0000] {local_task_job_runner.py:240} INFO - Task exited with return code 1
[2025-12-18T16:16:02.981+0000] {taskinstance.py:3482} INFO - 0 downstream tasks scheduled from follow-on schedule check
[2025-12-18T16:16:02.984+0000] {local_task_job_runner.py:222} INFO - ::endgroup::
